# JRE version: Java(TM) SE Runtime Environment (12.0.2+10) (build 12.0.2+10)
# Java VM: Java HotSpot(TM) 64-Bit Server VM (12.0.2+10, mixed mode, sharing, tiered, compressed oops, g1 gc, linux-amd64)
Heap:
 garbage-first heap   total 69632K, used 27557K [0x0000000085800000, 0x0000000100000000)
  region size 1024K, 5 young (5120K), 4 survivors (4096K)
 Metaspace       used 47884K, capacity 49373K, committed 49584K, reserved 1091584K
  class space    used 5981K, capacity 6568K, committed 6656K, reserved 1048576K
GC Heap History (10 events):
Event: 3.171 GC heap before
{Heap before GC invocations=9 (full 0):
 garbage-first heap   total 57344K, used 41403K [0x0000000085800000, 0x0000000100000000)
  region size 1024K, 27 young (27648K), 4 survivors (4096K)
 Metaspace       used 36604K, capacity 37732K, committed 37936K, reserved 1081344K
  class space    used 4675K, capacity 5124K, committed 5248K, reserved 1048576K
}
Event: 3.177 GC heap after
{Heap after GC invocations=10 (full 0):
 garbage-first heap   total 57344K, used 20061K [0x0000000085800000, 0x0000000100000000)
  region size 1024K, 4 young (4096K), 4 survivors (4096K)
 Metaspace       used 36604K, capacity 37732K, committed 37936K, reserved 1081344K
  class space    used 4675K, capacity 5124K, committed 5248K, reserved 1048576K
}
Event: 3.429 GC heap before
{Heap before GC invocations=10 (full 0):
 garbage-first heap   total 57344K, used 42589K [0x0000000085800000, 0x0000000100000000)
  region size 1024K, 26 young (26624K), 4 survivors (4096K)
 Metaspace       used 37679K, capacity 38919K, committed 39088K, reserved 1083392K
  class space    used 4818K, capacity 5301K, committed 5376K, reserved 1048576K
}
Event: 3.435 GC heap after
{Heap after GC invocations=11 (full 0):
 garbage-first heap   total 57344K, used 22669K [0x0000000085800000, 0x0000000100000000)
  region size 1024K, 4 young (4096K), 4 survivors (4096K)
 Metaspace       used 37679K, capacity 38919K, committed 39088K, reserved 1083392K
  class space    used 4818K, capacity 5301K, committed 5376K, reserved 1048576K
}
Event: 3.646 GC heap before
{Heap before GC invocations=11 (full 0):
 garbage-first heap   total 57344K, used 43149K [0x0000000085800000, 0x0000000100000000)
  region size 1024K, 24 young (24576K), 4 survivors (4096K)
 Metaspace       used 39143K, capacity 40429K, committed 40624K, reserved 1085440K
  class space    used 5029K, capacity 5547K, committed 5632K, reserved 1048576K
}
Event: 3.651 GC heap after
{Heap after GC invocations=12 (full 0):
 garbage-first heap   total 69632K, used 24625K [0x0000000085800000, 0x0000000100000000)
  region size 1024K, 2 young (2048K), 2 survivors (2048K)
 Metaspace       used 39143K, capacity 40429K, committed 40624K, reserved 1085440K
  class space    used 5029K, capacity 5547K, committed 5632K, reserved 1048576K
}
Event: 15.121 GC heap before
{Heap before GC invocations=12 (full 0):
 garbage-first heap   total 69632K, used 48177K [0x0000000085800000, 0x0000000100000000)
  region size 1024K, 25 young (25600K), 2 survivors (2048K)
 Metaspace       used 40817K, capacity 42208K, committed 42416K, reserved 1085440K
  class space    used 5232K, capacity 5797K, committed 5888K, reserved 1048576K
}
Event: 15.126 GC heap after
{Heap after GC invocations=13 (full 0):
 garbage-first heap   total 69632K, used 25745K [0x0000000085800000, 0x0000000100000000)
  region size 1024K, 3 young (3072K), 3 survivors (3072K)
 Metaspace       used 40817K, capacity 42208K, committed 42416K, reserved 1085440K
  class space    used 5232K, capacity 5797K, committed 5888K, reserved 1048576K
}
Event: 200.000 GC heap before
{Heap before GC invocations=13 (full 0):
 garbage-first heap   total 69632K, used 48273K [0x0000000085800000, 0x0000000100000000)
  region size 1024K, 26 young (26624K), 3 survivors (3072K)
 Metaspace       used 47878K, capacity 49309K, committed 49584K, reserved 1091584K
  class space    used 5981K, capacity 6568K, committed 6656K, reserved 1048576K
}
Event: 200.005 GC heap after
{Heap after GC invocations=14 (full 0):
 garbage-first heap   total 69632K, used 27557K [0x0000000085800000, 0x0000000100000000)
  region size 1024K, 4 young (4096K), 4 survivors (4096K)
 Metaspace       used 47878K, capacity 49309K, committed 49584K, reserved 1091584K
  class space    used 5981K, capacity 6568K, committed 6656K, reserved 1048576K
}

